0 verbose cli C:\Program Files\nodejs\node.exe C:\Program Files\nodejs\node_modules\npm\bin\npm-cli.js
1 info using npm@10.9.2
2 info using node@v22.15.0
3 silly config load:file:C:\Program Files\nodejs\node_modules\npm\npmrc
4 silly config load:file:C:\Code\Phive-MetaClean-Docker\.npmrc
5 silly config load:file:C:\Users\One\.npmrc
6 silly config load:file:C:\Users\One\AppData\Roaming\npm\etc\npmrc
7 verbose title npm install
8 verbose argv "install"
9 verbose logfile logs-max:10 dir:C:\Users\One\AppData\Local\npm-cache\_logs\2025-04-26T06_12_36_405Z-
10 verbose logfile C:\Users\One\AppData\Local\npm-cache\_logs\2025-04-26T06_12_36_405Z-debug-0.log
11 silly logfile done cleaning log files
12 silly packumentCache heap:4345298944 maxSize:1086324736 maxEntrySize:543162368
13 silly idealTree buildDeps
14 silly fetch manifest express@^4.18.2
15 silly packumentCache full:https://registry.npmjs.org/express cache-miss
16 http fetch GET 200 https://registry.npmjs.org/express 354ms (cache miss)
17 silly packumentCache full:https://registry.npmjs.org/express set size:undefined disposed:false
18 silly fetch manifest fs-extra@^11.1.0
19 silly packumentCache full:https://registry.npmjs.org/fs-extra cache-miss
20 http fetch GET 200 https://registry.npmjs.org/fs-extra 64ms (cache miss)
21 silly packumentCache full:https://registry.npmjs.org/fs-extra set size:undefined disposed:false
22 silly fetch manifest mutagen@^0.1.2
23 silly packumentCache full:https://registry.npmjs.org/mutagen cache-miss
24 http fetch GET 200 https://registry.npmjs.org/mutagen 343ms (cache miss)
25 silly packumentCache full:https://registry.npmjs.org/mutagen set size:undefined disposed:false
26 silly fetch manifest cors@^2.8.5
27 silly packumentCache full:https://registry.npmjs.org/cors cache-miss
28 http fetch GET 200 https://registry.npmjs.org/cors 64ms (cache miss)
29 silly packumentCache full:https://registry.npmjs.org/cors set size:undefined disposed:false
30 silly fetch manifest nodemon@^3.0.1
31 silly packumentCache full:https://registry.npmjs.org/nodemon cache-miss
32 http fetch GET 200 https://registry.npmjs.org/nodemon 77ms (cache miss)
33 silly packumentCache full:https://registry.npmjs.org/nodemon set size:undefined disposed:false
34 silly placeDep ROOT cors@2.8.5 OK for: phive-metaclean-docker@1.0.0 want: ^2.8.5
35 silly placeDep ROOT express@4.21.2 OK for: phive-metaclean-docker@1.0.0 want: ^4.18.2
36 silly placeDep ROOT fs-extra@11.3.0 OK for: phive-metaclean-docker@1.0.0 want: ^11.1.0
37 silly placeDep ROOT mutagen@ OK for: phive-metaclean-docker@1.0.0 want: ^0.1.2
38 silly placeDep ROOT nodemon@3.1.10 OK for: phive-metaclean-docker@1.0.0 want: ^3.0.1
39 silly fetch manifest vary@^1
40 silly packumentCache full:https://registry.npmjs.org/vary cache-miss
41 silly fetch manifest object-assign@^4
42 silly packumentCache full:https://registry.npmjs.org/object-assign cache-miss
43 silly fetch manifest qs@6.13.0
44 silly packumentCache full:https://registry.npmjs.org/qs cache-miss
45 silly fetch manifest depd@2.0.0
46 silly packumentCache full:https://registry.npmjs.org/depd cache-miss
47 silly fetch manifest etag@~1.8.1
48 silly packumentCache full:https://registry.npmjs.org/etag cache-miss
49 http fetch GET 200 https://registry.npmjs.org/vary 67ms (cache miss)
50 silly packumentCache full:https://registry.npmjs.org/vary set size:undefined disposed:false
51 silly fetch manifest send@0.19.0
52 silly packumentCache full:https://registry.npmjs.org/send cache-miss
53 http fetch GET 200 https://registry.npmjs.org/send 61ms (cache miss)
54 silly packumentCache full:https://registry.npmjs.org/send set size:undefined disposed:false
55 silly fetch manifest vary@~1.1.2
56 silly packumentCache full:https://registry.npmjs.org/vary cache-miss
57 http cache https://registry.npmjs.org/vary 11ms (cache hit)
58 silly packumentCache full:https://registry.npmjs.org/vary set size:15958 disposed:false
59 silly fetch manifest debug@2.6.9
60 silly packumentCache full:https://registry.npmjs.org/debug cache-miss
61 http fetch GET 200 https://registry.npmjs.org/qs 195ms (cache miss)
62 silly packumentCache full:https://registry.npmjs.org/qs set size:undefined disposed:false
63 silly fetch manifest fresh@0.5.2
64 silly packumentCache full:https://registry.npmjs.org/fresh cache-miss
65 http fetch GET 200 https://registry.npmjs.org/depd 201ms (cache miss)
66 silly packumentCache full:https://registry.npmjs.org/depd set size:undefined disposed:false
67 silly fetch manifest cookie@0.7.1
68 silly packumentCache full:https://registry.npmjs.org/cookie cache-miss
69 http fetch GET 200 https://registry.npmjs.org/etag 214ms (cache miss)
70 silly packumentCache full:https://registry.npmjs.org/etag set size:undefined disposed:false
71 silly fetch manifest accepts@~1.3.8
72 silly packumentCache full:https://registry.npmjs.org/accepts cache-miss
73 http fetch GET 200 https://registry.npmjs.org/debug 75ms (cache miss)
74 silly packumentCache full:https://registry.npmjs.org/debug set size:undefined disposed:false
75 silly fetch manifest methods@~1.1.2
76 silly packumentCache full:https://registry.npmjs.org/methods cache-miss
77 http fetch GET 200 https://registry.npmjs.org/object-assign 226ms (cache miss)
78 silly packumentCache full:https://registry.npmjs.org/object-assign set size:undefined disposed:false
79 silly fetch manifest type-is@~1.6.18
80 silly packumentCache full:https://registry.npmjs.org/type-is cache-miss
81 http fetch GET 200 https://registry.npmjs.org/fresh 76ms (cache miss)
82 silly packumentCache full:https://registry.npmjs.org/fresh set size:undefined disposed:false
83 silly fetch manifest parseurl@~1.3.3
84 silly packumentCache full:https://registry.npmjs.org/parseurl cache-miss
85 http fetch GET 200 https://registry.npmjs.org/cookie 77ms (cache miss)
86 silly packumentCache full:https://registry.npmjs.org/cookie set size:undefined disposed:false
87 silly fetch manifest statuses@2.0.1
88 silly packumentCache full:https://registry.npmjs.org/statuses cache-miss
89 http fetch GET 200 https://registry.npmjs.org/accepts 83ms (cache miss)
90 silly packumentCache full:https://registry.npmjs.org/accepts set size:undefined disposed:false
91 silly fetch manifest encodeurl@~2.0.0
92 silly packumentCache full:https://registry.npmjs.org/encodeurl cache-miss
93 http fetch GET 200 https://registry.npmjs.org/methods 83ms (cache miss)
94 silly packumentCache full:https://registry.npmjs.org/methods set size:undefined disposed:false
95 silly fetch manifest proxy-addr@~2.0.7
96 silly packumentCache full:https://registry.npmjs.org/proxy-addr cache-miss
97 http fetch GET 200 https://registry.npmjs.org/type-is 82ms (cache miss)
98 silly packumentCache full:https://registry.npmjs.org/type-is set size:undefined disposed:false
99 silly fetch manifest body-parser@1.20.3
100 silly packumentCache full:https://registry.npmjs.org/body-parser cache-miss
101 http fetch GET 200 https://registry.npmjs.org/parseurl 68ms (cache miss)
102 silly packumentCache full:https://registry.npmjs.org/parseurl set size:undefined disposed:false
103 silly fetch manifest escape-html@~1.0.3
104 silly packumentCache full:https://registry.npmjs.org/escape-html cache-miss
105 http fetch GET 200 https://registry.npmjs.org/statuses 66ms (cache miss)
106 silly packumentCache full:https://registry.npmjs.org/statuses set size:undefined disposed:false
107 silly fetch manifest http-errors@2.0.0
108 silly packumentCache full:https://registry.npmjs.org/http-errors cache-miss
109 http fetch GET 200 https://registry.npmjs.org/proxy-addr 62ms (cache miss)
110 silly packumentCache full:https://registry.npmjs.org/proxy-addr set size:undefined disposed:false
111 silly fetch manifest on-finished@2.4.1
112 silly packumentCache full:https://registry.npmjs.org/on-finished cache-miss
113 http fetch GET 200 https://registry.npmjs.org/encodeurl 76ms (cache miss)
114 silly packumentCache full:https://registry.npmjs.org/encodeurl set size:undefined disposed:false
115 silly fetch manifest safe-buffer@5.2.1
116 silly packumentCache full:https://registry.npmjs.org/safe-buffer cache-miss
117 http fetch GET 200 https://registry.npmjs.org/body-parser 74ms (cache miss)
118 silly packumentCache full:https://registry.npmjs.org/body-parser set size:undefined disposed:false
119 silly fetch manifest utils-merge@1.0.1
120 silly packumentCache full:https://registry.npmjs.org/utils-merge cache-miss
121 http fetch GET 200 https://registry.npmjs.org/escape-html 67ms (cache miss)
122 silly packumentCache full:https://registry.npmjs.org/escape-html set size:undefined disposed:false
123 silly fetch manifest content-type@~1.0.4
124 silly packumentCache full:https://registry.npmjs.org/content-type cache-miss
125 http fetch GET 200 https://registry.npmjs.org/http-errors 69ms (cache miss)
126 silly packumentCache full:https://registry.npmjs.org/http-errors set size:undefined disposed:false
127 silly fetch manifest finalhandler@1.3.1
128 silly packumentCache full:https://registry.npmjs.org/finalhandler cache-miss
129 http fetch GET 200 https://registry.npmjs.org/on-finished 59ms (cache miss)
130 silly packumentCache full:https://registry.npmjs.org/on-finished set size:undefined disposed:false
131 silly fetch manifest range-parser@~1.2.1
132 silly packumentCache full:https://registry.npmjs.org/range-parser cache-miss
133 http fetch GET 200 https://registry.npmjs.org/safe-buffer 70ms (cache miss)
134 silly packumentCache full:https://registry.npmjs.org/safe-buffer set size:undefined disposed:false
135 silly fetch manifest serve-static@1.16.2
136 silly packumentCache full:https://registry.npmjs.org/serve-static cache-miss
137 http fetch GET 200 https://registry.npmjs.org/utils-merge 68ms (cache miss)
138 silly packumentCache full:https://registry.npmjs.org/utils-merge set size:undefined disposed:false
139 silly fetch manifest array-flatten@1.1.1
140 silly packumentCache full:https://registry.npmjs.org/array-flatten cache-miss
141 http fetch GET 200 https://registry.npmjs.org/content-type 59ms (cache miss)
142 silly packumentCache full:https://registry.npmjs.org/content-type set size:undefined disposed:false
143 silly fetch manifest path-to-regexp@0.1.12
144 silly packumentCache full:https://registry.npmjs.org/path-to-regexp cache-miss
145 http fetch GET 200 https://registry.npmjs.org/finalhandler 64ms (cache miss)
146 silly packumentCache full:https://registry.npmjs.org/finalhandler set size:undefined disposed:false
147 silly fetch manifest setprototypeof@1.2.0
148 silly packumentCache full:https://registry.npmjs.org/setprototypeof cache-miss
149 http fetch GET 200 https://registry.npmjs.org/range-parser 67ms (cache miss)
150 silly packumentCache full:https://registry.npmjs.org/range-parser set size:undefined disposed:false
151 silly fetch manifest cookie-signature@1.0.6
152 silly packumentCache full:https://registry.npmjs.org/cookie-signature cache-miss
153 http fetch GET 200 https://registry.npmjs.org/serve-static 69ms (cache miss)
154 silly packumentCache full:https://registry.npmjs.org/serve-static set size:undefined disposed:false
155 silly fetch manifest merge-descriptors@1.0.3
156 silly packumentCache full:https://registry.npmjs.org/merge-descriptors cache-miss
157 http fetch GET 200 https://registry.npmjs.org/array-flatten 68ms (cache miss)
158 silly packumentCache full:https://registry.npmjs.org/array-flatten set size:undefined disposed:false
159 silly fetch manifest content-disposition@0.5.4
160 silly packumentCache full:https://registry.npmjs.org/content-disposition cache-miss
161 http fetch GET 200 https://registry.npmjs.org/path-to-regexp 63ms (cache miss)
162 silly packumentCache full:https://registry.npmjs.org/path-to-regexp set size:undefined disposed:false
163 silly fetch manifest graceful-fs@^4.2.0
164 silly packumentCache full:https://registry.npmjs.org/graceful-fs cache-miss
165 http fetch GET 200 https://registry.npmjs.org/cookie-signature 62ms (cache miss)
166 silly packumentCache full:https://registry.npmjs.org/cookie-signature set size:undefined disposed:false
167 silly fetch manifest jsonfile@^6.0.1
168 silly packumentCache full:https://registry.npmjs.org/jsonfile cache-miss
169 http fetch GET 200 https://registry.npmjs.org/setprototypeof 76ms (cache miss)
170 silly packumentCache full:https://registry.npmjs.org/setprototypeof set size:undefined disposed:false
171 silly fetch manifest universalify@^2.0.0
172 silly packumentCache full:https://registry.npmjs.org/universalify cache-miss
173 http fetch GET 200 https://registry.npmjs.org/merge-descriptors 67ms (cache miss)
174 silly packumentCache full:https://registry.npmjs.org/merge-descriptors set size:undefined disposed:false
175 silly fetch manifest chokidar@^3.5.2
176 silly packumentCache full:https://registry.npmjs.org/chokidar cache-miss
177 http fetch GET 200 https://registry.npmjs.org/content-disposition 72ms (cache miss)
178 silly packumentCache full:https://registry.npmjs.org/content-disposition set size:undefined disposed:false
179 silly fetch manifest debug@^4
180 silly packumentCache full:https://registry.npmjs.org/debug cache-miss
181 http fetch GET 200 https://registry.npmjs.org/graceful-fs 62ms (cache miss)
182 silly packumentCache full:https://registry.npmjs.org/graceful-fs set size:undefined disposed:false
183 silly fetch manifest ignore-by-default@^1.0.1
184 silly packumentCache full:https://registry.npmjs.org/ignore-by-default cache-miss
185 http cache https://registry.npmjs.org/debug 7ms (cache hit)
186 silly packumentCache full:https://registry.npmjs.org/debug set size:191237 disposed:false
187 silly fetch manifest minimatch@^3.1.2
188 silly packumentCache full:https://registry.npmjs.org/minimatch cache-miss
189 http fetch GET 200 https://registry.npmjs.org/jsonfile 67ms (cache miss)
190 silly packumentCache full:https://registry.npmjs.org/jsonfile set size:undefined disposed:false
191 silly fetch manifest pstree.remy@^1.1.8
192 silly packumentCache full:https://registry.npmjs.org/pstree.remy cache-miss
193 http fetch GET 200 https://registry.npmjs.org/universalify 67ms (cache miss)
194 silly packumentCache full:https://registry.npmjs.org/universalify set size:undefined disposed:false
195 silly fetch manifest semver@^7.5.3
196 silly packumentCache full:https://registry.npmjs.org/semver cache-miss
197 http fetch GET 200 https://registry.npmjs.org/chokidar 69ms (cache miss)
198 silly packumentCache full:https://registry.npmjs.org/chokidar set size:undefined disposed:false
199 silly fetch manifest simple-update-notifier@^2.0.0
200 silly packumentCache full:https://registry.npmjs.org/simple-update-notifier cache-miss
201 http fetch GET 200 https://registry.npmjs.org/ignore-by-default 73ms (cache miss)
202 silly packumentCache full:https://registry.npmjs.org/ignore-by-default set size:undefined disposed:false
203 silly fetch manifest supports-color@^5.5.0
204 silly packumentCache full:https://registry.npmjs.org/supports-color cache-miss
205 http fetch GET 200 https://registry.npmjs.org/minimatch 71ms (cache miss)
206 silly packumentCache full:https://registry.npmjs.org/minimatch set size:undefined disposed:false
207 silly fetch manifest touch@^3.1.0
208 silly packumentCache full:https://registry.npmjs.org/touch cache-miss
209 http fetch GET 200 https://registry.npmjs.org/pstree.remy 63ms (cache miss)
210 silly packumentCache full:https://registry.npmjs.org/pstree.remy set size:undefined disposed:false
211 silly fetch manifest undefsafe@^2.0.5
212 silly packumentCache full:https://registry.npmjs.org/undefsafe cache-miss
213 http fetch GET 200 https://registry.npmjs.org/semver 73ms (cache miss)
214 silly packumentCache full:https://registry.npmjs.org/semver set size:undefined disposed:false
215 http fetch GET 200 https://registry.npmjs.org/simple-update-notifier 71ms (cache miss)
216 silly packumentCache full:https://registry.npmjs.org/simple-update-notifier set size:undefined disposed:false
217 http fetch GET 200 https://registry.npmjs.org/supports-color 75ms (cache miss)
218 silly packumentCache full:https://registry.npmjs.org/supports-color set size:undefined disposed:false
219 http fetch GET 200 https://registry.npmjs.org/touch 68ms (cache miss)
220 silly packumentCache full:https://registry.npmjs.org/touch set size:undefined disposed:false
221 http fetch GET 200 https://registry.npmjs.org/undefsafe 73ms (cache miss)
222 silly packumentCache full:https://registry.npmjs.org/undefsafe set size:undefined disposed:false
223 silly placeDep ROOT object-assign@4.1.1 OK for: cors@2.8.5 want: ^4
224 silly placeDep ROOT vary@1.1.2 OK for: cors@2.8.5 want: ^1
225 silly placeDep ROOT accepts@1.3.8 OK for: express@4.21.2 want: ~1.3.8
226 silly placeDep ROOT array-flatten@1.1.1 OK for: express@4.21.2 want: 1.1.1
227 silly placeDep ROOT body-parser@1.20.3 OK for: express@4.21.2 want: 1.20.3
228 silly placeDep ROOT content-disposition@0.5.4 OK for: express@4.21.2 want: 0.5.4
229 silly placeDep ROOT content-type@1.0.5 OK for: express@4.21.2 want: ~1.0.4
230 silly placeDep ROOT cookie@0.7.1 OK for: express@4.21.2 want: 0.7.1
231 silly placeDep ROOT cookie-signature@1.0.6 OK for: express@4.21.2 want: 1.0.6
232 silly placeDep ROOT debug@2.6.9 OK for: express@4.21.2 want: 2.6.9
233 silly placeDep ROOT depd@2.0.0 OK for: express@4.21.2 want: 2.0.0
234 silly placeDep ROOT encodeurl@2.0.0 OK for: express@4.21.2 want: ~2.0.0
235 silly placeDep ROOT escape-html@1.0.3 OK for: express@4.21.2 want: ~1.0.3
236 silly placeDep ROOT etag@1.8.1 OK for: express@4.21.2 want: ~1.8.1
237 silly placeDep ROOT finalhandler@1.3.1 OK for: express@4.21.2 want: 1.3.1
238 silly placeDep ROOT fresh@0.5.2 OK for: express@4.21.2 want: 0.5.2
239 silly placeDep ROOT http-errors@2.0.0 OK for: express@4.21.2 want: 2.0.0
240 silly placeDep ROOT merge-descriptors@1.0.3 OK for: express@4.21.2 want: 1.0.3
241 silly placeDep ROOT methods@1.1.2 OK for: express@4.21.2 want: ~1.1.2
242 silly placeDep ROOT on-finished@2.4.1 OK for: express@4.21.2 want: 2.4.1
243 silly placeDep ROOT parseurl@1.3.3 OK for: express@4.21.2 want: ~1.3.3
244 silly placeDep ROOT path-to-regexp@0.1.12 OK for: express@4.21.2 want: 0.1.12
245 silly placeDep ROOT proxy-addr@2.0.7 OK for: express@4.21.2 want: ~2.0.7
246 silly placeDep ROOT qs@6.13.0 OK for: express@4.21.2 want: 6.13.0
247 silly placeDep ROOT range-parser@1.2.1 OK for: express@4.21.2 want: ~1.2.1
248 silly placeDep ROOT safe-buffer@5.2.1 OK for: express@4.21.2 want: 5.2.1
249 silly placeDep ROOT send@0.19.0 OK for: express@4.21.2 want: 0.19.0
250 silly placeDep ROOT serve-static@1.16.2 OK for: express@4.21.2 want: 1.16.2
251 silly placeDep ROOT setprototypeof@1.2.0 OK for: express@4.21.2 want: 1.2.0
252 silly placeDep ROOT statuses@2.0.1 OK for: express@4.21.2 want: 2.0.1
253 silly placeDep ROOT type-is@1.6.18 OK for: express@4.21.2 want: ~1.6.18
254 silly placeDep ROOT utils-merge@1.0.1 OK for: express@4.21.2 want: 1.0.1
255 silly fetch manifest mime-types@~2.1.34
256 silly packumentCache full:https://registry.npmjs.org/mime-types cache-miss
257 silly fetch manifest negotiator@0.6.3
258 silly packumentCache full:https://registry.npmjs.org/negotiator cache-miss
259 silly fetch manifest bytes@3.1.2
260 silly packumentCache full:https://registry.npmjs.org/bytes cache-miss
261 silly fetch manifest unpipe@1.0.0
262 silly packumentCache full:https://registry.npmjs.org/unpipe cache-miss
263 silly fetch manifest destroy@1.2.0
264 silly packumentCache full:https://registry.npmjs.org/destroy cache-miss
265 http fetch GET 200 https://registry.npmjs.org/unpipe 70ms (cache miss)
266 silly packumentCache full:https://registry.npmjs.org/unpipe set size:undefined disposed:false
267 silly fetch manifest raw-body@2.5.2
268 silly packumentCache full:https://registry.npmjs.org/raw-body cache-miss
269 http fetch GET 200 https://registry.npmjs.org/destroy 75ms (cache miss)
270 silly packumentCache full:https://registry.npmjs.org/destroy set size:undefined disposed:false
271 silly fetch manifest iconv-lite@0.4.24
272 silly packumentCache full:https://registry.npmjs.org/iconv-lite cache-miss
273 http fetch GET 200 https://registry.npmjs.org/mime-types 79ms (cache miss)
274 silly packumentCache full:https://registry.npmjs.org/mime-types set size:undefined disposed:false
275 silly fetch manifest content-type@~1.0.5
276 silly packumentCache full:https://registry.npmjs.org/content-type cache-miss
277 http fetch GET 200 https://registry.npmjs.org/negotiator 82ms (cache miss)
278 silly packumentCache full:https://registry.npmjs.org/negotiator set size:undefined disposed:false
279 silly fetch manifest ms@2.0.0
280 silly packumentCache full:https://registry.npmjs.org/ms cache-miss
281 http fetch GET 200 https://registry.npmjs.org/bytes 85ms (cache miss)
282 silly packumentCache full:https://registry.npmjs.org/bytes set size:undefined disposed:false
283 silly fetch manifest unpipe@~1.0.0
284 silly packumentCache full:https://registry.npmjs.org/unpipe cache-miss
285 http cache https://registry.npmjs.org/content-type 7ms (cache hit)
286 silly packumentCache full:https://registry.npmjs.org/content-type set size:17251 disposed:false
287 silly fetch manifest inherits@2.0.4
288 silly packumentCache full:https://registry.npmjs.org/inherits cache-miss
289 http cache https://registry.npmjs.org/unpipe 8ms (cache hit)
290 silly packumentCache full:https://registry.npmjs.org/unpipe set size:3537 disposed:false
291 silly fetch manifest toidentifier@1.0.1
292 silly packumentCache full:https://registry.npmjs.org/toidentifier cache-miss
293 http fetch GET 200 https://registry.npmjs.org/iconv-lite 70ms (cache miss)
294 silly packumentCache full:https://registry.npmjs.org/iconv-lite set size:undefined disposed:false
295 silly fetch manifest ee-first@1.1.1
296 silly packumentCache full:https://registry.npmjs.org/ee-first cache-miss
297 http fetch GET 200 https://registry.npmjs.org/raw-body 81ms (cache miss)
298 silly packumentCache full:https://registry.npmjs.org/raw-body set size:undefined disposed:false
299 silly fetch manifest forwarded@0.2.0
300 silly packumentCache full:https://registry.npmjs.org/forwarded cache-miss
301 http fetch GET 200 https://registry.npmjs.org/ms 73ms (cache miss)
302 silly packumentCache full:https://registry.npmjs.org/ms set size:undefined disposed:false
303 silly fetch manifest ipaddr.js@1.9.1
304 silly packumentCache full:https://registry.npmjs.org/ipaddr.js cache-miss
305 http fetch GET 200 https://registry.npmjs.org/inherits 77ms (cache miss)
306 silly packumentCache full:https://registry.npmjs.org/inherits set size:undefined disposed:false
307 silly fetch manifest side-channel@^1.0.6
308 silly packumentCache full:https://registry.npmjs.org/side-channel cache-miss
309 http fetch GET 200 https://registry.npmjs.org/toidentifier 73ms (cache miss)
310 silly packumentCache full:https://registry.npmjs.org/toidentifier set size:undefined disposed:false
311 silly fetch manifest ms@2.1.3
312 silly packumentCache full:https://registry.npmjs.org/ms cache-miss
313 http cache https://registry.npmjs.org/ms 6ms (cache hit)
314 silly packumentCache full:https://registry.npmjs.org/ms set size:84883 disposed:false
315 silly fetch manifest mime@1.6.0
316 silly packumentCache full:https://registry.npmjs.org/mime cache-miss
317 http fetch GET 200 https://registry.npmjs.org/ee-first 64ms (cache miss)
318 silly packumentCache full:https://registry.npmjs.org/ee-first set size:undefined disposed:false
319 silly fetch manifest encodeurl@~1.0.2
320 silly packumentCache full:https://registry.npmjs.org/encodeurl cache-miss
321 http cache https://registry.npmjs.org/encodeurl 8ms (cache hit)
322 silly packumentCache full:https://registry.npmjs.org/encodeurl set size:12296 disposed:false
323 silly fetch manifest mime-types@~2.1.24
324 silly packumentCache full:https://registry.npmjs.org/mime-types cache-miss
325 http fetch GET 200 https://registry.npmjs.org/forwarded 71ms (cache miss)
326 silly packumentCache full:https://registry.npmjs.org/forwarded set size:undefined disposed:false
327 silly fetch manifest media-typer@0.3.0
328 silly packumentCache full:https://registry.npmjs.org/media-typer cache-miss
329 http fetch GET 200 https://registry.npmjs.org/ipaddr.js 69ms (cache miss)
330 silly packumentCache full:https://registry.npmjs.org/ipaddr.js set size:undefined disposed:false
331 http cache https://registry.npmjs.org/mime-types 8ms (cache hit)
332 silly packumentCache full:https://registry.npmjs.org/mime-types set size:136716 disposed:false
333 http fetch GET 200 https://registry.npmjs.org/side-channel 67ms (cache miss)
334 silly packumentCache full:https://registry.npmjs.org/side-channel set size:undefined disposed:false
335 http fetch GET 200 https://registry.npmjs.org/mime 70ms (cache miss)
336 silly packumentCache full:https://registry.npmjs.org/mime set size:undefined disposed:false
337 http fetch GET 200 https://registry.npmjs.org/media-typer 88ms (cache miss)
338 silly packumentCache full:https://registry.npmjs.org/media-typer set size:undefined disposed:false
339 silly placeDep ROOT mime-types@2.1.35 OK for: accepts@1.3.8 want: ~2.1.34
340 silly placeDep ROOT negotiator@0.6.3 OK for: accepts@1.3.8 want: 0.6.3
341 silly fetch manifest mime-db@1.52.0
342 silly packumentCache full:https://registry.npmjs.org/mime-db cache-miss
343 http fetch GET 200 https://registry.npmjs.org/mime-db 61ms (cache miss)
344 silly packumentCache full:https://registry.npmjs.org/mime-db set size:undefined disposed:false
345 silly placeDep ROOT bytes@3.1.2 OK for: body-parser@1.20.3 want: 3.1.2
346 silly placeDep ROOT destroy@1.2.0 OK for: body-parser@1.20.3 want: 1.2.0
347 silly placeDep ROOT iconv-lite@0.4.24 OK for: body-parser@1.20.3 want: 0.4.24
348 silly placeDep ROOT raw-body@2.5.2 OK for: body-parser@1.20.3 want: 2.5.2
349 silly placeDep ROOT unpipe@1.0.0 OK for: body-parser@1.20.3 want: 1.0.0
350 silly fetch manifest safer-buffer@>= 2.1.2 < 3
351 silly packumentCache full:https://registry.npmjs.org/safer-buffer cache-miss
352 http fetch GET 200 https://registry.npmjs.org/safer-buffer 74ms (cache miss)
353 silly packumentCache full:https://registry.npmjs.org/safer-buffer set size:undefined disposed:false
354 silly placeDep ROOT ms@2.0.0 OK for: debug@2.6.9 want: 2.0.0
355 silly placeDep ROOT graceful-fs@4.2.11 OK for: fs-extra@11.3.0 want: ^4.2.0
356 silly placeDep ROOT jsonfile@6.1.0 OK for: fs-extra@11.3.0 want: ^6.0.1
357 silly placeDep ROOT universalify@2.0.1 OK for: fs-extra@11.3.0 want: ^2.0.0
358 silly placeDep ROOT inherits@2.0.4 OK for: http-errors@2.0.0 want: 2.0.4
359 silly placeDep ROOT toidentifier@1.0.1 OK for: http-errors@2.0.0 want: 1.0.1
360 silly placeDep ROOT safer-buffer@2.1.2 OK for: iconv-lite@0.4.24 want: >= 2.1.2 < 3
361 silly placeDep ROOT mime-db@1.52.0 OK for: mime-types@2.1.35 want: 1.52.0
362 silly placeDep ROOT chokidar@3.6.0 OK for: nodemon@3.1.10 want: ^3.5.2
363 silly placeDep node_modules/nodemon debug@4.4.0 OK for: nodemon@3.1.10 want: ^4
364 silly placeDep ROOT ignore-by-default@1.0.1 OK for: nodemon@3.1.10 want: ^1.0.1
365 silly placeDep ROOT minimatch@3.1.2 OK for: nodemon@3.1.10 want: ^3.1.2
366 silly placeDep ROOT pstree.remy@1.1.8 OK for: nodemon@3.1.10 want: ^1.1.8
367 silly placeDep ROOT semver@7.7.1 OK for: nodemon@3.1.10 want: ^7.5.3
368 silly placeDep ROOT simple-update-notifier@2.0.0 OK for: nodemon@3.1.10 want: ^2.0.0
369 silly placeDep ROOT supports-color@5.5.0 OK for: nodemon@3.1.10 want: ^5.5.0
370 silly placeDep ROOT touch@3.1.1 OK for: nodemon@3.1.10 want: ^3.1.0
371 silly placeDep ROOT undefsafe@2.0.5 OK for: nodemon@3.1.10 want: ^2.0.5
372 silly fetch manifest braces@~3.0.2
373 silly packumentCache full:https://registry.npmjs.org/braces cache-miss
374 silly fetch manifest is-glob@~4.0.1
375 silly packumentCache full:https://registry.npmjs.org/is-glob cache-miss
376 silly fetch manifest anymatch@~3.1.2
377 silly packumentCache full:https://registry.npmjs.org/anymatch cache-miss
378 silly fetch manifest readdirp@~3.6.0
379 silly packumentCache full:https://registry.npmjs.org/readdirp cache-miss
380 silly fetch manifest glob-parent@~5.1.2
381 silly packumentCache full:https://registry.npmjs.org/glob-parent cache-miss
382 http fetch GET 200 https://registry.npmjs.org/anymatch 82ms (cache miss)
383 silly packumentCache full:https://registry.npmjs.org/anymatch set size:undefined disposed:false
384 silly fetch manifest is-binary-path@~2.1.0
385 silly packumentCache full:https://registry.npmjs.org/is-binary-path cache-miss
386 http fetch GET 200 https://registry.npmjs.org/readdirp 84ms (cache miss)
387 silly packumentCache full:https://registry.npmjs.org/readdirp set size:undefined disposed:false
388 silly fetch manifest normalize-path@~3.0.0
389 silly packumentCache full:https://registry.npmjs.org/normalize-path cache-miss
390 http fetch GET 200 https://registry.npmjs.org/braces 91ms (cache miss)
391 silly packumentCache full:https://registry.npmjs.org/braces set size:undefined disposed:false
392 silly fetch manifest fsevents@~2.3.2
393 silly packumentCache full:https://registry.npmjs.org/fsevents cache-miss
394 http fetch GET 200 https://registry.npmjs.org/glob-parent 92ms (cache miss)
395 silly packumentCache full:https://registry.npmjs.org/glob-parent set size:undefined disposed:false
396 silly fetch manifest ms@^2.1.3
397 silly packumentCache full:https://registry.npmjs.org/ms cache-hit
398 silly fetch manifest brace-expansion@^1.1.7
399 silly packumentCache full:https://registry.npmjs.org/brace-expansion cache-miss
400 http fetch GET 200 https://registry.npmjs.org/is-glob 99ms (cache miss)
401 silly packumentCache full:https://registry.npmjs.org/is-glob set size:undefined disposed:false
402 silly fetch manifest has-flag@^3.0.0
403 silly packumentCache full:https://registry.npmjs.org/has-flag cache-miss
404 http fetch GET 200 https://registry.npmjs.org/is-binary-path 69ms (cache miss)
405 silly packumentCache full:https://registry.npmjs.org/is-binary-path set size:undefined disposed:false
406 http fetch GET 200 https://registry.npmjs.org/normalize-path 67ms (cache miss)
407 silly packumentCache full:https://registry.npmjs.org/normalize-path set size:undefined disposed:false
408 http fetch GET 200 https://registry.npmjs.org/brace-expansion 65ms (cache miss)
409 silly packumentCache full:https://registry.npmjs.org/brace-expansion set size:undefined disposed:false
410 http fetch GET 200 https://registry.npmjs.org/fsevents 73ms (cache miss)
411 silly packumentCache full:https://registry.npmjs.org/fsevents set size:undefined disposed:false
412 http fetch GET 200 https://registry.npmjs.org/has-flag 94ms (cache miss)
413 silly packumentCache full:https://registry.npmjs.org/has-flag set size:undefined disposed:false
414 silly placeDep ROOT anymatch@3.1.3 OK for: chokidar@3.6.0 want: ~3.1.2
415 silly placeDep ROOT braces@3.0.3 OK for: chokidar@3.6.0 want: ~3.0.2
416 silly placeDep ROOT fsevents@2.3.3 OK for: chokidar@3.6.0 want: ~2.3.2
417 silly placeDep ROOT glob-parent@5.1.2 OK for: chokidar@3.6.0 want: ~5.1.2
418 silly placeDep ROOT is-binary-path@2.1.0 OK for: chokidar@3.6.0 want: ~2.1.0
419 silly placeDep ROOT is-glob@4.0.3 OK for: chokidar@3.6.0 want: ~4.0.1
420 silly placeDep ROOT normalize-path@3.0.0 OK for: chokidar@3.6.0 want: ~3.0.0
421 silly placeDep ROOT readdirp@3.6.0 OK for: chokidar@3.6.0 want: ~3.6.0
422 silly fetch manifest picomatch@^2.0.4
423 silly packumentCache full:https://registry.npmjs.org/picomatch cache-miss
424 silly fetch manifest normalize-path@^3.0.0
425 silly packumentCache full:https://registry.npmjs.org/normalize-path cache-miss
426 silly fetch manifest fill-range@^7.1.1
427 silly packumentCache full:https://registry.npmjs.org/fill-range cache-miss
428 silly fetch manifest is-glob@^4.0.1
429 silly packumentCache full:https://registry.npmjs.org/is-glob cache-miss
430 silly fetch manifest binary-extensions@^2.0.0
431 silly packumentCache full:https://registry.npmjs.org/binary-extensions cache-miss
432 http cache https://registry.npmjs.org/is-glob 12ms (cache hit)
433 silly packumentCache full:https://registry.npmjs.org/is-glob set size:40530 disposed:false
434 silly fetch manifest is-extglob@^2.1.1
435 silly packumentCache full:https://registry.npmjs.org/is-extglob cache-miss
436 http cache https://registry.npmjs.org/normalize-path 14ms (cache hit)
437 silly packumentCache full:https://registry.npmjs.org/normalize-path set size:28713 disposed:false
438 silly fetch manifest picomatch@^2.2.1
439 silly packumentCache full:https://registry.npmjs.org/picomatch cache-miss
440 http fetch GET 200 https://registry.npmjs.org/fill-range 69ms (cache miss)
441 silly packumentCache full:https://registry.npmjs.org/fill-range set size:undefined disposed:false
442 http fetch GET 200 https://registry.npmjs.org/picomatch 71ms (cache miss)
443 silly packumentCache full:https://registry.npmjs.org/picomatch set size:undefined disposed:false
444 http fetch GET 200 https://registry.npmjs.org/picomatch 67ms (cache miss)
445 silly packumentCache full:https://registry.npmjs.org/picomatch set size:undefined disposed:false
446 http fetch GET 200 https://registry.npmjs.org/is-extglob 71ms (cache miss)
447 silly packumentCache full:https://registry.npmjs.org/is-extglob set size:undefined disposed:false
448 http fetch GET 200 https://registry.npmjs.org/binary-extensions 92ms (cache miss)
449 silly packumentCache full:https://registry.npmjs.org/binary-extensions set size:undefined disposed:false
450 silly placeDep ROOT picomatch@2.3.1 OK for: anymatch@3.1.3 want: ^2.0.4
451 silly placeDep ROOT fill-range@7.1.1 OK for: braces@3.0.3 want: ^7.1.1
452 silly fetch manifest to-regex-range@^5.0.1
453 silly packumentCache full:https://registry.npmjs.org/to-regex-range cache-miss
454 http fetch GET 200 https://registry.npmjs.org/to-regex-range 62ms (cache miss)
455 silly packumentCache full:https://registry.npmjs.org/to-regex-range set size:undefined disposed:false
456 silly placeDep ROOT to-regex-range@5.0.1 OK for: fill-range@7.1.1 want: ^5.0.1
457 silly fetch manifest is-number@^7.0.0
458 silly packumentCache full:https://registry.npmjs.org/is-number cache-miss
459 http fetch GET 200 https://registry.npmjs.org/is-number 59ms (cache miss)
460 silly packumentCache full:https://registry.npmjs.org/is-number set size:undefined disposed:false
461 silly placeDep ROOT binary-extensions@2.3.0 OK for: is-binary-path@2.1.0 want: ^2.0.0
462 silly placeDep ROOT is-extglob@2.1.1 OK for: is-glob@4.0.3 want: ^2.1.1
463 silly placeDep ROOT brace-expansion@1.1.11 OK for: minimatch@3.1.2 want: ^1.1.7
464 silly fetch manifest balanced-match@^1.0.0
465 silly packumentCache full:https://registry.npmjs.org/balanced-match cache-miss
466 silly fetch manifest concat-map@0.0.1
467 silly packumentCache full:https://registry.npmjs.org/concat-map cache-miss
468 http fetch GET 200 https://registry.npmjs.org/balanced-match 67ms (cache miss)
469 silly packumentCache full:https://registry.npmjs.org/balanced-match set size:undefined disposed:false
470 http fetch GET 200 https://registry.npmjs.org/concat-map 75ms (cache miss)
471 silly packumentCache full:https://registry.npmjs.org/concat-map set size:undefined disposed:false
472 silly placeDep ROOT balanced-match@1.0.2 OK for: brace-expansion@1.1.11 want: ^1.0.0
473 silly placeDep ROOT concat-map@0.0.1 OK for: brace-expansion@1.1.11 want: 0.0.1
474 silly placeDep ROOT ee-first@1.1.1 OK for: on-finished@2.4.1 want: 1.1.1
475 silly placeDep ROOT forwarded@0.2.0 OK for: proxy-addr@2.0.7 want: 0.2.0
476 silly placeDep ROOT ipaddr.js@1.9.1 OK for: proxy-addr@2.0.7 want: 1.9.1
477 silly placeDep ROOT side-channel@1.1.0 OK for: qs@6.13.0 want: ^1.0.6
478 silly fetch manifest es-errors@^1.3.0
479 silly packumentCache full:https://registry.npmjs.org/es-errors cache-miss
480 silly fetch manifest object-inspect@^1.13.3
481 silly packumentCache full:https://registry.npmjs.org/object-inspect cache-miss
482 silly fetch manifest side-channel-list@^1.0.0
483 silly packumentCache full:https://registry.npmjs.org/side-channel-list cache-miss
484 silly fetch manifest side-channel-map@^1.0.1
485 silly packumentCache full:https://registry.npmjs.org/side-channel-map cache-miss
486 silly fetch manifest side-channel-weakmap@^1.0.2
487 silly packumentCache full:https://registry.npmjs.org/side-channel-weakmap cache-miss
488 http fetch GET 200 https://registry.npmjs.org/es-errors 61ms (cache miss)
489 silly packumentCache full:https://registry.npmjs.org/es-errors set size:undefined disposed:false
490 http fetch GET 200 https://registry.npmjs.org/object-inspect 71ms (cache miss)
491 silly packumentCache full:https://registry.npmjs.org/object-inspect set size:undefined disposed:false
492 http fetch GET 200 https://registry.npmjs.org/side-channel-map 77ms (cache miss)
493 silly packumentCache full:https://registry.npmjs.org/side-channel-map set size:undefined disposed:false
494 http fetch GET 200 https://registry.npmjs.org/side-channel-list 78ms (cache miss)
495 silly packumentCache full:https://registry.npmjs.org/side-channel-list set size:undefined disposed:false
496 http fetch GET 200 https://registry.npmjs.org/side-channel-weakmap 80ms (cache miss)
497 silly packumentCache full:https://registry.npmjs.org/side-channel-weakmap set size:undefined disposed:false
498 silly placeDep node_modules/send encodeurl@1.0.2 OK for: send@0.19.0 want: ~1.0.2
499 silly placeDep ROOT mime@1.6.0 OK for: send@0.19.0 want: 1.6.0
500 silly placeDep node_modules/send ms@2.1.3 OK for: send@0.19.0 want: 2.1.3
501 silly placeDep ROOT es-errors@1.3.0 OK for: side-channel@1.1.0 want: ^1.3.0
502 silly placeDep ROOT object-inspect@1.13.4 OK for: side-channel@1.1.0 want: ^1.13.3
503 silly placeDep ROOT side-channel-list@1.0.0 OK for: side-channel@1.1.0 want: ^1.0.0
504 silly placeDep ROOT side-channel-map@1.0.1 OK for: side-channel@1.1.0 want: ^1.0.1
505 silly placeDep ROOT side-channel-weakmap@1.0.2 OK for: side-channel@1.1.0 want: ^1.0.2
506 silly fetch manifest call-bound@^1.0.2
507 silly packumentCache full:https://registry.npmjs.org/call-bound cache-miss
508 silly fetch manifest get-intrinsic@^1.2.5
509 silly packumentCache full:https://registry.npmjs.org/get-intrinsic cache-miss
510 silly fetch manifest call-bound@^1.0.2
511 silly packumentCache full:https://registry.npmjs.org/call-bound cache-miss
512 silly fetch manifest get-intrinsic@^1.2.5
513 silly packumentCache full:https://registry.npmjs.org/get-intrinsic cache-miss
514 http fetch GET 200 https://registry.npmjs.org/call-bound 124ms (cache miss)
515 silly packumentCache full:https://registry.npmjs.org/call-bound set size:undefined disposed:false
516 http fetch GET 200 https://registry.npmjs.org/get-intrinsic 126ms (cache miss)
517 silly packumentCache full:https://registry.npmjs.org/get-intrinsic set size:undefined disposed:false
518 http fetch GET 200 https://registry.npmjs.org/get-intrinsic 128ms (cache miss)
519 silly packumentCache full:https://registry.npmjs.org/get-intrinsic set size:undefined disposed:false
520 http fetch GET 200 https://registry.npmjs.org/call-bound 130ms (cache miss)
521 silly packumentCache full:https://registry.npmjs.org/call-bound set size:undefined disposed:false
522 silly placeDep ROOT call-bound@1.0.4 OK for: side-channel-map@1.0.1 want: ^1.0.2
523 silly placeDep ROOT get-intrinsic@1.3.0 OK for: side-channel-map@1.0.1 want: ^1.2.5
524 silly fetch manifest call-bind-apply-helpers@^1.0.2
525 silly packumentCache full:https://registry.npmjs.org/call-bind-apply-helpers cache-miss
526 silly fetch manifest get-intrinsic@^1.3.0
527 silly packumentCache full:https://registry.npmjs.org/get-intrinsic cache-miss
528 silly fetch manifest call-bind-apply-helpers@^1.0.2
529 silly packumentCache full:https://registry.npmjs.org/call-bind-apply-helpers cache-miss
530 silly fetch manifest es-define-property@^1.0.1
531 silly packumentCache full:https://registry.npmjs.org/es-define-property cache-miss
532 silly fetch manifest es-object-atoms@^1.1.1
533 silly packumentCache full:https://registry.npmjs.org/es-object-atoms cache-miss
534 http cache https://registry.npmjs.org/get-intrinsic 9ms (cache hit)
535 silly packumentCache full:https://registry.npmjs.org/get-intrinsic set size:57687 disposed:false
536 silly fetch manifest function-bind@^1.1.2
537 silly packumentCache full:https://registry.npmjs.org/function-bind cache-miss
538 http fetch GET 200 https://registry.npmjs.org/es-define-property 64ms (cache miss)
539 silly packumentCache full:https://registry.npmjs.org/es-define-property set size:undefined disposed:false
540 silly fetch manifest get-proto@^1.0.1
541 silly packumentCache full:https://registry.npmjs.org/get-proto cache-miss
542 http fetch GET 200 https://registry.npmjs.org/call-bind-apply-helpers 69ms (cache miss)
543 silly packumentCache full:https://registry.npmjs.org/call-bind-apply-helpers set size:undefined disposed:false
544 silly fetch manifest gopd@^1.2.0
545 silly packumentCache full:https://registry.npmjs.org/gopd cache-miss
546 http fetch GET 200 https://registry.npmjs.org/call-bind-apply-helpers 73ms (cache miss)
547 silly packumentCache full:https://registry.npmjs.org/call-bind-apply-helpers set size:undefined disposed:false
548 silly fetch manifest has-symbols@^1.1.0
549 silly packumentCache full:https://registry.npmjs.org/has-symbols cache-miss
550 http fetch GET 200 https://registry.npmjs.org/es-object-atoms 75ms (cache miss)
551 silly packumentCache full:https://registry.npmjs.org/es-object-atoms set size:undefined disposed:false
552 silly fetch manifest hasown@^2.0.2
553 silly packumentCache full:https://registry.npmjs.org/hasown cache-miss
554 http fetch GET 200 https://registry.npmjs.org/function-bind 71ms (cache miss)
555 silly packumentCache full:https://registry.npmjs.org/function-bind set size:undefined disposed:false
556 silly fetch manifest math-intrinsics@^1.1.0
557 silly packumentCache full:https://registry.npmjs.org/math-intrinsics cache-miss
558 http fetch GET 200 https://registry.npmjs.org/gopd 71ms (cache miss)
559 silly packumentCache full:https://registry.npmjs.org/gopd set size:undefined disposed:false
560 http fetch GET 200 https://registry.npmjs.org/has-symbols 71ms (cache miss)
561 silly packumentCache full:https://registry.npmjs.org/has-symbols set size:undefined disposed:false
562 http fetch GET 200 https://registry.npmjs.org/hasown 75ms (cache miss)
563 silly packumentCache full:https://registry.npmjs.org/hasown set size:undefined disposed:false
564 http fetch GET 200 https://registry.npmjs.org/math-intrinsics 70ms (cache miss)
565 silly packumentCache full:https://registry.npmjs.org/math-intrinsics set size:undefined disposed:false
566 http fetch GET 200 https://registry.npmjs.org/get-proto 97ms (cache miss)
567 silly packumentCache full:https://registry.npmjs.org/get-proto set size:undefined disposed:false
568 silly placeDep ROOT call-bind-apply-helpers@1.0.2 OK for: call-bound@1.0.4 want: ^1.0.2
569 silly placeDep ROOT function-bind@1.1.2 OK for: call-bind-apply-helpers@1.0.2 want: ^1.1.2
570 silly placeDep ROOT es-define-property@1.0.1 OK for: get-intrinsic@1.3.0 want: ^1.0.1
571 silly placeDep ROOT es-object-atoms@1.1.1 OK for: get-intrinsic@1.3.0 want: ^1.1.1
572 silly placeDep ROOT get-proto@1.0.1 OK for: get-intrinsic@1.3.0 want: ^1.0.1
573 silly placeDep ROOT gopd@1.2.0 OK for: get-intrinsic@1.3.0 want: ^1.2.0
574 silly placeDep ROOT has-symbols@1.1.0 OK for: get-intrinsic@1.3.0 want: ^1.1.0
575 silly placeDep ROOT hasown@2.0.2 OK for: get-intrinsic@1.3.0 want: ^2.0.2
576 silly placeDep ROOT math-intrinsics@1.1.0 OK for: get-intrinsic@1.3.0 want: ^1.1.0
577 silly fetch manifest dunder-proto@^1.0.1
578 silly packumentCache full:https://registry.npmjs.org/dunder-proto cache-miss
579 http fetch GET 200 https://registry.npmjs.org/dunder-proto 69ms (cache miss)
580 silly packumentCache full:https://registry.npmjs.org/dunder-proto set size:undefined disposed:false
581 silly placeDep ROOT dunder-proto@1.0.1 OK for: get-proto@1.0.1 want: ^1.0.1
582 silly placeDep ROOT has-flag@3.0.0 OK for: supports-color@5.5.0 want: ^3.0.0
583 silly placeDep ROOT is-number@7.0.0 OK for: to-regex-range@5.0.1 want: ^7.0.0
584 silly placeDep ROOT media-typer@0.3.0 OK for: type-is@1.6.18 want: 0.3.0
585 silly placeDep node_modules/nodemon ms@2.1.3 OK for: debug@4.4.0 want: ^2.1.3
586 verbose type range
587 verbose stack mutagen: No matching version found for mutagen@^0.1.2.
587 verbose stack     at module.exports (C:\Program Files\nodejs\node_modules\npm\node_modules\npm-pick-manifest\lib\index.js:215:23)
587 verbose stack     at RegistryFetcher.manifest (C:\Program Files\nodejs\node_modules\npm\node_modules\pacote\lib\registry.js:130:54)
587 verbose stack     at async #fetchManifest (C:\Program Files\nodejs\node_modules\npm\node_modules\@npmcli\arborist\lib\arborist\build-ideal-tree.js:1202:20)
587 verbose stack     at async #nodeFromEdge (C:\Program Files\nodejs\node_modules\npm\node_modules\@npmcli\arborist\lib\arborist\build-ideal-tree.js:1040:19)
587 verbose stack     at async #buildDepStep (C:\Program Files\nodejs\node_modules\npm\node_modules\@npmcli\arborist\lib\arborist\build-ideal-tree.js:904:11)
587 verbose stack     at async Arborist.buildIdealTree (C:\Program Files\nodejs\node_modules\npm\node_modules\@npmcli\arborist\lib\arborist\build-ideal-tree.js:181:7)
587 verbose stack     at async Promise.all (index 1)
587 verbose stack     at async Arborist.reify (C:\Program Files\nodejs\node_modules\npm\node_modules\@npmcli\arborist\lib\arborist\reify.js:131:5)
587 verbose stack     at async Install.exec (C:\Program Files\nodejs\node_modules\npm\lib\commands\install.js:150:5)
587 verbose stack     at async Npm.exec (C:\Program Files\nodejs\node_modules\npm\lib\npm.js:207:9)
588 error code ETARGET
589 error notarget No matching version found for mutagen@^0.1.2.
590 error notarget In most cases you or one of your dependencies are requesting
590 error notarget a package version that doesn't exist.
591 silly unfinished npm timer reify 1745647957047
592 silly unfinished npm timer reify:loadTrees 1745647957048
593 verbose cwd C:\Code\Phive-MetaClean-Docker
594 verbose os Windows_NT 10.0.19045
595 verbose node v22.15.0
596 verbose npm  v10.9.2
597 verbose exit 1
598 verbose code 1
599 error A complete log of this run can be found in: C:\Users\One\AppData\Local\npm-cache\_logs\2025-04-26T06_12_36_405Z-debug-0.log
